<?xml version="1.0" encoding="UTF-8"?>
<!-- Generated by org.testng.reporters.JUnitReportReporter -->
<testsuite hostname="pranitha-sa" failures="0" tests="1" name="com.automation.animalbiome.RegisterSample_Cat_Gut" time="47.748" errors="0" timestamp="2022-06-10T18:10:45 IST" skipped="0">
  <testcase classname="com.automation.animalbiome.RegisterSample_Cat_Gut" name="register_sample_cat_gut" time="47.748"/>
  <system-out/>
</testsuite> <!-- com.automation.animalbiome.RegisterSample_Cat_Gut -->
