<?xml version="1.0" encoding="UTF-8"?>
<!-- Generated by org.testng.reporters.JUnitReportReporter -->
<testsuite hostname="LAP043" failures="0" tests="1" name="com.automation.animalbiome.AddPet_NewUser" time="161.747" errors="0" timestamp="2022-05-25T19:27:11 IST" skipped="0">
  <testcase classname="com.automation.animalbiome.AddPet_NewUser" name="PetProfileCreation_NewUser" time="161.747"/>
  <system-out/>
</testsuite> <!-- com.automation.animalbiome.AddPet_NewUser -->
