<?xml version="1.0" encoding="UTF-8"?>
<!-- Generated by org.testng.reporters.JUnitReportReporter -->
<testsuite hostname="pranitha-sa" failures="0" tests="1" name="com.automation.animalbiome.Signin_Existing_User" time="24.611" errors="0" timestamp="2022-06-10T18:18:36 IST" skipped="0">
  <testcase classname="com.automation.animalbiome.Signin_Existing_User" name="start" time="24.611"/>
  <system-out/>
</testsuite> <!-- com.automation.animalbiome.Signin_Existing_User -->
