<?xml version="1.0" encoding="UTF-8"?>
<!-- Generated by org.testng.reporters.JUnitReportReporter -->
<testsuite hostname="LAP043" failures="0" tests="1" name="com.automation.animalbiome.Dog_Img_Vet" time="101.017" errors="0" timestamp="2022-07-11T17:11:17 IST" skipped="0">
  <testcase classname="com.automation.animalbiome.Dog_Img_Vet" name="PetProfileCreation_Existuser_Dod_Img_vet" time="101.017"/>
  <system-out/>
</testsuite> <!-- com.automation.animalbiome.Dog_Img_Vet -->
