<?xml version="1.0" encoding="UTF-8"?>
<!-- Generated by org.testng.reporters.JUnitReportReporter -->
<testsuite hostname="banoj-1-sa" failures="0" tests="1" name="com.automation.animalbiome.Signin_Existing_User" time="31.532" errors="0" timestamp="2024-08-22T12:40:00 IST" skipped="0">
  <testcase classname="com.automation.animalbiome.Signin_Existing_User" name="signin_existinguser" time="31.532"/>
  <system-out/>
</testsuite> <!-- com.automation.animalbiome.Signin_Existing_User -->
