<?xml version="1.0" encoding="UTF-8"?>
<!-- Generated by org.testng.reporters.JUnitReportReporter -->
<testsuite hostname="pranitha-sa" failures="0" tests="2" name="com.automation.animalbiome.Signup_Newuser" time="64.947" errors="0" timestamp="2022-06-10T15:00:37 IST" skipped="0">
  <testcase classname="com.automation.animalbiome.Signup_Newuser" name="OpeningWebApplication" time="7.137"/>
  <system-out/>
  <testcase classname="com.automation.animalbiome.Signup_Newuser" name="SignupProcess" time="57.810"/>
  <system-out/>
</testsuite> <!-- com.automation.animalbiome.Signup_Newuser -->
