<?xml version="1.0" encoding="UTF-8"?>
<!-- Generated by org.testng.reporters.JUnitReportReporter -->
<testsuite hostname="LAP043" failures="0" tests="2" name="com.automation.animalbiome.Signup_Newuser" time="66.667" errors="0" timestamp="2022-05-25T19:27:11 IST" skipped="0">
  <testcase classname="com.automation.animalbiome.Signup_Newuser" name="OpeningWebApplication" time="8.617"/>
  <system-out/>
  <testcase classname="com.automation.animalbiome.Signup_Newuser" name="SignupProcess" time="58.050"/>
  <system-out/>
</testsuite> <!-- com.automation.animalbiome.Signup_Newuser -->
