<?xml version="1.0" encoding="UTF-8"?>
<!-- Generated by org.testng.reporters.JUnitReportReporter -->
<testsuite hostname="pranitha-sa" failures="0" tests="1" name="com.automation.animalbiome.AddPet_NewUser" time="131.147" errors="0" timestamp="2022-06-10T15:00:37 IST" skipped="0">
  <testcase classname="com.automation.animalbiome.AddPet_NewUser" name="PetProfileCreation_NewUser" time="131.147"/>
  <system-out/>
</testsuite> <!-- com.automation.animalbiome.AddPet_NewUser -->
