<?xml version="1.0" encoding="UTF-8"?>
<!-- Generated by org.testng.reporters.JUnitReportReporter -->
<testsuite hostname="LAP043" failures="0" tests="1" name="com.automation.animalbiome.Signin_Existing_User" time="17.263" errors="0" timestamp="2022-05-25T19:27:11 IST" skipped="0">
  <testcase classname="com.automation.animalbiome.Signin_Existing_User" name="start" time="17.263"/>
  <system-out/>
</testsuite> <!-- com.automation.animalbiome.Signin_Existing_User -->
