<?xml version="1.0" encoding="UTF-8"?>
<!-- Generated by org.testng.reporters.JUnitReportReporter -->
<testsuite hostname="pranitha-sa" failures="0" tests="1" name="com.automation.animalbiome.Signout_NewUser" time="15.378" errors="0" timestamp="2022-06-10T15:00:37 IST" skipped="0">
  <testcase classname="com.automation.animalbiome.Signout_NewUser" name="Signingout_NewUser" time="15.378"/>
  <system-out/>
</testsuite> <!-- com.automation.animalbiome.Signout_NewUser -->
