<?xml version="1.0" encoding="UTF-8"?>
<!-- Generated by org.testng.reporters.JUnitReportReporter -->
<testsuite hostname="pranitha-sa" failures="0" tests="1" name="com.automation.animalbiome.Dog_NoImg_Vet" time="111.404" errors="0" timestamp="2022-06-10T17:55:29 IST" skipped="0">
  <testcase classname="com.automation.animalbiome.Dog_NoImg_Vet" name="PetprofileCreation_Existuser_addpet_dog_noimg_vet" time="111.404"/>
  <system-out/>
</testsuite> <!-- com.automation.animalbiome.Dog_NoImg_Vet -->
