<?xml version="1.0" encoding="UTF-8"?>
<!-- Generated by org.testng.reporters.JUnitReportReporter -->
<testsuite hostname="LAP043" failures="0" tests="3" name="com.automation.animalbiome.ABTestNG" time="0.018" errors="0" timestamp="2022-05-24T17:09:26 IST" skipped="0">
  <testcase classname="com.automation.animalbiome.ABTestNG" name="OpeningWebApplication" time="0.015"/>
  <system-out/>
  <testcase classname="com.automation.animalbiome.ABTestNG" name="SignupProcess" time="0.002"/>
  <system-out/>
  <testcase classname="com.automation.animalbiome.ABTestNG" name="Signingout_NewUser" time="0.001"/>
  <system-out/>
</testsuite> <!-- com.automation.animalbiome.ABTestNG -->
