<?xml version="1.0" encoding="UTF-8"?>
<!-- Generated by org.testng.reporters.JUnitReportReporter -->
<testsuite hostname="pranitha-sa" failures="0" tests="1" name="com.automation.animalbiome.Dog_Health_Diet_None" time="109.793" errors="0" timestamp="2022-06-10T17:55:29 IST" skipped="0">
  <testcase classname="com.automation.animalbiome.Dog_Health_Diet_None" name="PetprofileCreation_existuser_addpet_dog_health_diet_none" time="109.793"/>
  <system-out/>
</testsuite> <!-- com.automation.animalbiome.Dog_Health_Diet_None -->
