<?xml version="1.0" encoding="UTF-8"?>
<!-- Generated by org.testng.reporters.JUnitReportReporter -->
<testsuite hostname="pranitha-sa" failures="0" tests="1" name="com.automation.animalbiome.Register_Sample_Dog_Oral" time="63.987" errors="0" timestamp="2022-06-10T18:18:36 IST" skipped="0">
  <testcase classname="com.automation.animalbiome.Register_Sample_Dog_Oral" name="register_sample_dog_oral" time="63.987"/>
  <system-out/>
</testsuite> <!-- com.automation.animalbiome.Register_Sample_Dog_Oral -->
