<?xml version="1.0" encoding="UTF-8"?>
<!-- Generated by org.testng.reporters.JUnitReportReporter -->
<testsuite hostname="LAP043" failures="0" tests="1" name="com.automation.animalbiome.Signin_Existing_User" time="26.862" errors="0" timestamp="2022-07-11T17:11:17 IST" skipped="0">
  <testcase classname="com.automation.animalbiome.Signin_Existing_User" name="signin_existinguser" time="26.862"/>
  <system-out/>
</testsuite> <!-- com.automation.animalbiome.Signin_Existing_User -->
