<?xml version="1.0" encoding="UTF-8"?>
<!-- Generated by org.testng.reporters.JUnitReportReporter -->
<testsuite hostname="LAP043" failures="0" tests="1" name="com.automation.animalbiome.AddPet_NewUser" time="168.069" errors="0" timestamp="2022-07-12T20:11:04 IST" skipped="0">
  <testcase classname="com.automation.animalbiome.AddPet_NewUser" name="PetProfileCreation_NewUser" time="168.069"/>
  <system-out/>
</testsuite> <!-- com.automation.animalbiome.AddPet_NewUser -->
