<?xml version="1.0" encoding="UTF-8"?>
<!-- Generated by org.testng.reporters.JUnitReportReporter -->
<testsuite hostname="pranitha-sa" failures="0" tests="1" name="com.automation.animalbiome.Dog_Img_Vet" time="121.113" errors="0" timestamp="2022-06-10T17:55:29 IST" skipped="0">
  <testcase classname="com.automation.animalbiome.Dog_Img_Vet" name="PetProfileCreation_Existuser_Dod_Img_vet" time="121.113"/>
  <system-out/>
</testsuite> <!-- com.automation.animalbiome.Dog_Img_Vet -->
