<?xml version="1.0" encoding="UTF-8"?>
<!-- Generated by org.testng.reporters.JUnitReportReporter -->
<testsuite hostname="LAP043" failures="0" tests="2" name="com.automation.animalbiome.Signup_Newuser" time="68.887" errors="0" timestamp="2022-07-12T20:11:04 IST" skipped="0">
  <testcase classname="com.automation.animalbiome.Signup_Newuser" name="OpeningWebApplication" time="9.179"/>
  <system-out/>
  <testcase classname="com.automation.animalbiome.Signup_Newuser" name="SignupProcess" time="59.708"/>
  <system-out/>
</testsuite> <!-- com.automation.animalbiome.Signup_Newuser -->
