<?xml version="1.0" encoding="UTF-8"?>
<!-- Generated by org.testng.reporters.JUnitReportReporter -->
<testsuite hostname="pranitha-sa" failures="0" tests="1" name="com.automation.animalbiome.Register_Sample_Cat_Oral" time="57.515" errors="0" timestamp="2022-06-10T18:15:25 IST" skipped="0">
  <testcase classname="com.automation.animalbiome.Register_Sample_Cat_Oral" name="register_sample_cat_oral" time="57.515"/>
  <system-out/>
</testsuite> <!-- com.automation.animalbiome.Register_Sample_Cat_Oral -->
